05-Sep-2019 05:39:00.038 INFO [main] org.apache.catalina.core.ApplicationContext.log ContextListener: contextInitialized()
05-Sep-2019 05:39:00.042 INFO [main] org.apache.catalina.core.ApplicationContext.log SessionListener: contextInitialized()
05-Sep-2019 05:39:00.047 INFO [main] org.apache.catalina.core.ApplicationContext.log ContextListener: attributeAdded('StockTicker', 'async.Stockticker@423e4cbb')
05-Sep-2019 05:45:48.635 INFO [main] org.apache.catalina.core.ApplicationContext.log SessionListener: contextDestroyed()
05-Sep-2019 05:45:48.640 INFO [main] org.apache.catalina.core.ApplicationContext.log ContextListener: contextDestroyed()
05-Sep-2019 05:49:19.938 INFO [main] org.apache.catalina.core.ApplicationContext.log ContextListener: contextInitialized()
05-Sep-2019 05:49:19.942 INFO [main] org.apache.catalina.core.ApplicationContext.log SessionListener: contextInitialized()
05-Sep-2019 05:49:19.945 INFO [main] org.apache.catalina.core.ApplicationContext.log ContextListener: attributeAdded('StockTicker', 'async.Stockticker@4eed46ee')
05-Sep-2019 05:49:40.457 INFO [main] org.apache.catalina.core.ApplicationContext.log SessionListener: contextDestroyed()
05-Sep-2019 05:49:40.458 INFO [main] org.apache.catalina.core.ApplicationContext.log ContextListener: contextDestroyed()
05-Sep-2019 05:50:56.983 INFO [main] org.apache.catalina.core.ApplicationContext.log ContextListener: contextInitialized()
05-Sep-2019 05:50:56.984 INFO [main] org.apache.catalina.core.ApplicationContext.log SessionListener: contextInitialized()
05-Sep-2019 05:50:56.985 INFO [main] org.apache.catalina.core.ApplicationContext.log ContextListener: attributeAdded('StockTicker', 'async.Stockticker@25ddbbbb')
05-Sep-2019 05:52:12.874 INFO [main] org.apache.catalina.core.ApplicationContext.log SessionListener: contextDestroyed()
05-Sep-2019 05:52:12.875 INFO [main] org.apache.catalina.core.ApplicationContext.log ContextListener: contextDestroyed()
05-Sep-2019 05:56:00.201 INFO [main] org.apache.catalina.core.ApplicationContext.log ContextListener: contextInitialized()
05-Sep-2019 05:56:00.203 INFO [main] org.apache.catalina.core.ApplicationContext.log SessionListener: contextInitialized()
05-Sep-2019 05:56:00.205 INFO [main] org.apache.catalina.core.ApplicationContext.log ContextListener: attributeAdded('StockTicker', 'async.Stockticker@f9d87b')
05-Sep-2019 05:56:14.951 INFO [main] org.apache.catalina.core.ApplicationContext.log SessionListener: contextDestroyed()
05-Sep-2019 05:56:14.952 INFO [main] org.apache.catalina.core.ApplicationContext.log ContextListener: contextDestroyed()
